c:\users\h s\desktop\otlob final\otlob\debug\vc120.pdb
c:\users\h s\desktop\otlob final\otlob\debug\vc120.idb
c:\users\h s\desktop\otlob final\otlob\debug\main.obj
c:\users\h s\desktop\otlob final\otlob\debug\source.obj
c:\users\h s\desktop\otlob final\debug\otlob.ilk
c:\users\h s\desktop\otlob final\debug\otlob.exe
c:\users\h s\desktop\otlob final\debug\otlob.pdb
f:\new folder\almarwa\otlob final\otlob\debug\main.obj
f:\new folder\almarwa\otlob final\otlob\debug\source.obj
f:\new folder\almarwa\otlob final\otlob\debug\vc120.idb
f:\new folder\almarwa\otlob final\otlob\debug\vc120.pdb
f:\new folder\almarwa\otlob final\debug\otlob.pdb
f:\new folder\almarwa\otlob final\debug\otlob.exe
f:\new folder\almarwa\otlob final\debug\otlob.ilk
f:\new folder\almarwa\otlob final\otlob\debug\otlob.tlog\cl.command.1.tlog
f:\new folder\almarwa\otlob final\otlob\debug\otlob.tlog\cl.read.1.tlog
f:\new folder\almarwa\otlob final\otlob\debug\otlob.tlog\cl.write.1.tlog
f:\new folder\almarwa\otlob final\otlob\debug\otlob.tlog\link.command.1.tlog
f:\new folder\almarwa\otlob final\otlob\debug\otlob.tlog\link.read.1.tlog
f:\new folder\almarwa\otlob final\otlob\debug\otlob.tlog\link.write.1.tlog
